{
  "RSpec": {
    "coverage": {
      "/Users/cpcwood/OneDrive/Documents/Coding/Projects/boris_bikes_day_2/spec/bike_spec.rb": [
        1,
        null,
        1,
        1,
        1,
        1,
        null,
        null,
        1,
        1,
        4,
        null,
        null,
        1,
        1,
        1,
        4,
        null,
        null,
        null
      ],
      "/Users/cpcwood/OneDrive/Documents/Coding/Projects/boris_bikes_day_2/lib/bike.rb": [
        1,
        1,
        3,
        null,
        null,
        1,
        5,
        null,
        null,
        1,
        2,
        null,
        null,
        1,
        1,
        null,
        null
      ],
      "/Users/cpcwood/OneDrive/Documents/Coding/Projects/boris_bikes_day_2/spec/docking_station_spec.rb": [
        1,
        null,
        1,
        null,
        6,
        5,
        1,
        null,
        1,
        1,
        1,
        1,
        null,
        1,
        2,
        null,
        1,
        1,
        2,
        null,
        null,
        null,
        1,
        1,
        1,
        1,
        null,
        1,
        21,
        2,
        null,
        1,
        1,
        null,
        1,
        1,
        1,
        null,
        null,
        null,
        1,
        1,
        1,
        1,
        1,
        null,
        1,
        1,
        1,
        2,
        null,
        null,
        null,
        1,
        1,
        1,
        null,
        1,
        1,
        1,
        null,
        null,
        null
      ],
      "/Users/cpcwood/OneDrive/Documents/Coding/Projects/boris_bikes_day_2/lib/docking_station.rb": [
        1,
        1,
        null,
        1,
        11,
        11,
        null,
        null,
        1,
        6,
        8,
        1,
        null,
        null,
        1,
        28,
        27,
        27,
        null,
        null,
        1,
        5,
        2,
        2,
        null,
        null,
        1,
        1,
        null,
        null,
        1,
        null,
        1,
        28,
        null,
        null,
        1,
        6,
        null,
        null
      ],
      "/Users/cpcwood/OneDrive/Documents/Coding/Projects/boris_bikes_day_2/spec/garage_spec.rb": [
        1,
        null,
        1,
        4,
        2,
        null,
        1,
        1,
        1,
        null,
        null,
        null,
        1,
        1,
        1,
        1,
        1,
        null,
        null,
        null,
        1,
        1,
        1,
        1,
        null,
        1,
        1,
        1,
        null,
        null,
        null
      ],
      "/Users/cpcwood/OneDrive/Documents/Coding/Projects/boris_bikes_day_2/lib/garage.rb": [
        1,
        1,
        4,
        null,
        null,
        1,
        3,
        null,
        null,
        1,
        2,
        null,
        null,
        1,
        5,
        2,
        2,
        null,
        null
      ],
      "/Users/cpcwood/OneDrive/Documents/Coding/Projects/boris_bikes_day_2/spec/van_spec.rb": [
        1,
        null,
        1,
        null,
        5,
        5,
        5,
        null,
        1,
        1,
        1,
        1,
        null,
        null,
        null,
        1,
        1,
        1,
        1,
        1,
        null,
        1,
        1,
        1,
        1,
        null,
        1,
        1,
        1,
        2,
        null,
        null,
        null
      ],
      "/Users/cpcwood/OneDrive/Documents/Coding/Projects/boris_bikes_day_2/lib/van.rb": [
        1,
        1,
        4,
        null,
        null,
        1,
        4,
        null,
        null,
        1,
        11,
        4,
        4,
        3,
        null,
        null
      ]
    },
    "timestamp": 1578423300
  }
}
